2024-10-15 11:06:13 LogWrapper init() ./logs/Bot.log
2024-10-15 11:06:16 Bot started with
{'MBB': {'pair': 'MBB', 'units': 1, 'short_ma': 4, 'long_ma': 8},
 'PDR': {'pair': 'PDR', 'units': 1, 'short_ma': 4, 'long_ma': 8}}
2024-10-15 11:06:16 Bot Timing with
{'MBB': "{'last_candle': datetime.time(11, 5, 59), 'ready': False}",
 'PDR': "{'last_candle': datetime.time(11, 6, 10), 'ready': False}"}
2024-10-15 11:06:31 MBB new candle 11:06:28
2024-10-15 11:06:33 Ready to trade MBB
2024-10-15 11:06:47 PDR new candle 11:06:42
2024-10-15 11:06:47 Ready to trade PDR
2024-10-15 11:06:59 MBB new candle 11:06:55
2024-10-15 11:07:01 PDR new candle 11:06:52
2024-10-15 11:07:01 Ready to trade MBB
2024-10-15 11:07:01 Ready to trade PDR
2024-10-15 11:07:15 MBB new candle 11:07:02
2024-10-15 11:07:17 PDR new candle 11:07:05
2024-10-15 11:07:17 Ready to trade MBB
2024-10-15 11:07:17 Ready to trade PDR
2024-10-15 11:07:31 MBB new candle 11:07:22
2024-10-15 11:07:32 PDR new candle 11:07:17
2024-10-15 11:07:32 Ready to trade MBB
2024-10-15 11:07:33 Ready to trade PDR
2024-10-15 11:07:58 MBB new candle 11:07:54
2024-10-15 11:08:00 PDR new candle 11:07:56
2024-10-15 11:08:00 Ready to trade MBB
2024-10-15 11:08:00 Ready to trade PDR
2024-10-15 11:08:15 PDR new candle 11:08:00
2024-10-15 11:08:15 Ready to trade PDR
2024-10-15 11:08:27 MBB new candle 11:08:16
2024-10-15 11:08:29 PDR new candle 11:08:17
2024-10-15 11:08:29 Ready to trade MBB
2024-10-15 11:08:29 Ready to trade PDR
2024-10-15 11:08:43 PDR new candle 11:08:40
2024-10-15 11:08:43 Ready to trade PDR
2024-10-15 11:08:55 MBB new candle 11:08:48
2024-10-15 11:08:57 PDR new candle 11:08:47
2024-10-15 11:08:57 Ready to trade MBB
2024-10-15 11:08:57 Ready to trade PDR
2024-10-15 11:09:11 PDR new candle 11:09:02
2024-10-15 11:09:11 Ready to trade PDR
2024-10-15 11:09:23 MBB new candle 11:09:19
2024-10-15 11:09:25 PDR new candle 11:09:11
2024-10-15 11:09:25 Ready to trade MBB
2024-10-15 11:09:25 Ready to trade PDR
2024-10-15 11:09:39 MBB new candle 11:09:36
2024-10-15 11:09:41 PDR new candle 11:09:34
2024-10-15 11:09:41 Ready to trade MBB
2024-10-15 11:09:41 Ready to trade PDR
2024-10-15 11:09:55 PDR new candle 11:09:47
2024-10-15 11:09:55 Ready to trade PDR
2024-10-15 11:10:07 MBB new candle 11:10:04
2024-10-15 11:10:09 PDR new candle 11:10:01
2024-10-15 11:10:09 Ready to trade MBB
2024-10-15 11:10:09 Ready to trade PDR
2024-10-15 11:10:26 PDR new candle 11:10:21
2024-10-15 11:10:26 Ready to trade PDR
2024-10-15 11:10:38 MBB new candle 11:10:33
2024-10-15 11:10:40 PDR new candle 11:10:32
2024-10-15 11:10:40 Ready to trade MBB
2024-10-15 11:10:40 Ready to trade PDR
2024-10-15 11:10:54 MBB new candle 11:10:43
2024-10-15 11:10:56 PDR new candle 11:10:50
2024-10-15 11:10:56 Ready to trade MBB
2024-10-15 11:10:56 Ready to trade PDR
2024-10-15 11:11:12 PDR new candle 11:11:06
2024-10-15 11:11:12 Ready to trade PDR
2024-10-15 11:11:24 MBB new candle 11:11:21
2024-10-15 11:11:26 PDR new candle 11:11:20
2024-10-15 11:11:26 Ready to trade MBB
2024-10-15 11:11:26 Ready to trade PDR
2024-10-15 11:11:40 MBB new candle 11:11:27
2024-10-15 11:11:42 PDR new candle 11:11:30
2024-10-15 11:11:42 Ready to trade MBB
2024-10-15 11:11:42 Ready to trade PDR
2024-10-15 11:11:54 MBB new candle 11:11:49
2024-10-15 11:11:56 PDR new candle 11:11:49
2024-10-15 11:11:56 Ready to trade MBB
2024-10-15 11:11:56 Ready to trade PDR
2024-10-15 11:12:10 MBB new candle 11:11:53
2024-10-15 11:12:12 PDR new candle 11:12:00
2024-10-15 11:12:12 Ready to trade MBB
2024-10-15 11:12:15 Ready to trade PDR
2024-10-15 11:12:40 MBB new candle 11:12:32
2024-10-15 11:12:42 PDR new candle 11:12:39
2024-10-15 11:12:42 Ready to trade MBB
2024-10-15 11:12:42 Ready to trade PDR
2024-10-15 11:12:54 MBB new candle 11:12:50
2024-10-15 11:12:56 PDR new candle 11:12:46
2024-10-15 11:12:56 Ready to trade MBB
2024-10-15 11:12:57 Ready to trade PDR
2024-10-15 11:13:11 MBB new candle 11:13:05
2024-10-15 11:13:13 PDR new candle 11:13:08
2024-10-15 11:13:13 Ready to trade MBB
2024-10-15 11:13:13 Ready to trade PDR
2024-10-15 11:13:27 MBB new candle 11:13:21
2024-10-15 11:13:29 PDR new candle 11:13:19
2024-10-15 11:13:29 Ready to trade MBB
2024-10-15 11:13:29 Ready to trade PDR
2024-10-15 11:13:57 MBB new candle 11:13:42
2024-10-15 11:14:00 PDR new candle 11:13:58
2024-10-15 11:14:00 Ready to trade MBB
2024-10-15 11:14:01 Ready to trade PDR
2024-10-15 11:14:13 MBB new candle 11:14:09
2024-10-15 11:14:15 PDR new candle 11:14:08
2024-10-15 11:14:15 Ready to trade MBB
2024-10-15 11:14:15 Ready to trade PDR
2024-10-15 11:14:30 PDR new candle 11:14:25
2024-10-15 11:14:30 Ready to trade PDR
2024-10-15 11:14:44 PDR new candle 11:14:37
2024-10-15 11:14:44 Ready to trade PDR
2024-10-15 11:14:58 PDR new candle 11:14:51
2024-10-15 11:14:58 Ready to trade PDR
2024-10-15 11:15:10 MBB new candle 11:15:04
2024-10-15 11:15:11 Ready to trade MBB
2024-10-15 11:15:24 MBB new candle 11:15:20
2024-10-15 11:15:25 Ready to trade MBB
2024-10-15 11:15:51 MBB new candle 11:15:38
2024-10-15 11:15:52 PDR new candle 11:15:39
2024-10-15 11:15:52 Ready to trade MBB
2024-10-15 11:15:53 Ready to trade PDR
2024-10-15 11:16:05 MBB new candle 11:15:56
2024-10-15 11:16:07 PDR new candle 11:16:03
2024-10-15 11:16:07 Ready to trade MBB
2024-10-15 11:16:07 Ready to trade PDR
2024-10-15 11:16:22 PDR new candle 11:16:16
2024-10-15 11:16:22 Ready to trade PDR
2024-10-15 11:16:33 MBB new candle 11:16:20
2024-10-15 11:16:35 PDR new candle 11:16:24
2024-10-15 11:16:35 Ready to trade MBB
2024-10-15 11:16:35 Ready to trade PDR
2024-10-15 11:16:47 MBB new candle 11:16:40
2024-10-15 11:16:49 PDR new candle 11:16:43
2024-10-15 11:16:49 Ready to trade MBB
2024-10-15 11:16:49 Ready to trade PDR
2024-10-15 11:17:05 PDR new candle 11:16:53
2024-10-15 11:17:05 Ready to trade PDR
2024-10-15 11:17:31 MBB new candle 11:17:30
2024-10-15 11:17:33 PDR new candle 11:17:31
2024-10-15 11:17:33 Ready to trade MBB
2024-10-15 11:17:33 Ready to trade PDR
2024-10-15 11:17:47 MBB new candle 11:17:33
2024-10-15 11:17:49 PDR new candle 11:17:43
2024-10-15 11:17:49 Ready to trade MBB
2024-10-15 11:17:49 Ready to trade PDR
2024-10-15 11:18:03 MBB new candle 11:17:50
2024-10-15 11:18:04 PDR new candle 11:17:57
2024-10-15 11:18:04 Ready to trade MBB
2024-10-15 11:18:05 Ready to trade PDR
2024-10-15 11:18:19 MBB new candle 11:18:11
2024-10-15 11:18:21 PDR new candle 11:18:16
2024-10-15 11:18:21 Ready to trade MBB
2024-10-15 11:18:23 Ready to trade PDR
2024-10-15 11:18:35 MBB new candle 11:18:29
2024-10-15 11:18:36 PDR new candle 11:18:35
2024-10-15 11:18:36 Ready to trade MBB
2024-10-15 11:18:37 Ready to trade PDR
2024-10-15 11:18:49 MBB new candle 11:18:41
2024-10-15 11:18:51 PDR new candle 11:18:44
2024-10-15 11:18:51 Ready to trade MBB
2024-10-15 11:18:51 Ready to trade PDR
2024-10-15 11:19:03 MBB new candle 11:19:00
2024-10-15 11:19:04 PDR new candle 11:18:59
2024-10-15 11:19:04 Ready to trade MBB
2024-10-15 11:19:05 Ready to trade PDR
2024-10-15 11:19:19 MBB new candle 11:19:04
2024-10-15 11:19:21 PDR new candle 11:19:18
2024-10-15 11:19:21 Ready to trade MBB
2024-10-15 11:19:23 Ready to trade PDR
2024-10-15 11:19:36 MBB new candle 11:19:34
2024-10-15 11:19:38 PDR new candle 11:19:31
2024-10-15 11:19:38 Ready to trade MBB
2024-10-15 11:19:38 Ready to trade PDR
2024-10-15 11:19:52 MBB new candle 11:19:50
2024-10-15 11:19:54 PDR new candle 11:19:47
2024-10-15 11:19:54 Ready to trade MBB
2024-10-15 11:19:54 Ready to trade PDR
2024-10-15 11:20:08 MBB new candle 11:19:51
2024-10-15 11:20:10 Ready to trade MBB
2024-10-15 11:20:22 MBB new candle 11:20:18
2024-10-15 11:20:24 PDR new candle 11:20:10
2024-10-15 11:20:24 Ready to trade MBB
2024-10-15 11:20:24 Ready to trade PDR
2024-10-15 11:20:38 PDR new candle 11:20:24
2024-10-15 11:20:38 Ready to trade PDR
2024-10-15 11:20:52 PDR new candle 11:20:37
2024-10-15 11:20:52 Ready to trade PDR
2024-10-15 11:21:04 MBB new candle 11:21:02
2024-10-15 11:21:06 PDR new candle 11:21:00
2024-10-15 11:21:06 Ready to trade MBB
2024-10-15 11:21:06 Ready to trade PDR
2024-10-15 11:21:21 MBB new candle 11:21:19
2024-10-15 11:21:23 PDR new candle 11:21:20
2024-10-15 11:21:23 Ready to trade MBB
2024-10-15 11:21:23 Ready to trade PDR
2024-10-15 11:21:37 PDR new candle 11:21:32
2024-10-15 11:21:37 Ready to trade PDR
2024-10-15 11:21:49 MBB new candle 11:21:46
2024-10-15 11:21:51 PDR new candle 11:21:49
2024-10-15 11:21:51 Ready to trade MBB
2024-10-15 11:21:52 Ready to trade PDR
2024-10-15 11:22:07 PDR new candle 11:22:05
2024-10-15 11:22:07 Ready to trade PDR
2024-10-15 11:22:21 PDR new candle 11:22:18
2024-10-15 11:22:21 Ready to trade PDR
2024-10-15 11:22:33 MBB new candle 11:22:25
2024-10-15 11:22:34 PDR new candle 11:22:29
2024-10-15 11:22:34 Ready to trade MBB
2024-10-15 11:22:35 Ready to trade PDR
2024-10-15 11:22:50 PDR new candle 11:22:47
2024-10-15 11:22:50 Ready to trade PDR
2024-10-15 11:23:02 MBB new candle 11:22:52
2024-10-15 11:23:04 PDR new candle 11:23:02
2024-10-15 11:23:04 Ready to trade MBB
2024-10-15 11:23:04 Ready to trade PDR
2024-10-15 11:23:18 MBB new candle 11:23:17
2024-10-15 11:23:20 PDR new candle 11:23:15
2024-10-15 11:23:20 Ready to trade MBB
2024-10-15 11:23:20 Ready to trade PDR
2024-10-15 11:23:34 MBB new candle 11:23:19
2024-10-15 11:23:36 PDR new candle 11:23:23
2024-10-15 11:23:36 Ready to trade MBB
2024-10-15 11:23:36 Ready to trade PDR
2024-10-15 11:23:50 MBB new candle 11:23:46
2024-10-15 11:23:52 PDR new candle 11:23:40
2024-10-15 11:23:52 Ready to trade MBB
2024-10-15 11:23:52 Ready to trade PDR
2024-10-15 11:24:06 MBB new candle 11:23:52
2024-10-15 11:24:08 PDR new candle 11:24:00
2024-10-15 11:24:08 Ready to trade MBB
2024-10-15 11:24:08 Ready to trade PDR
2024-10-15 11:24:37 PDR new candle 11:24:33
2024-10-15 11:24:37 Ready to trade PDR
2024-10-15 11:24:51 PDR new candle 11:24:43
2024-10-15 11:24:51 Ready to trade PDR
2024-10-15 11:25:04 PDR new candle 11:24:52
2024-10-15 11:25:04 Ready to trade PDR
2024-10-15 11:25:18 PDR new candle 11:25:15
2024-10-15 11:25:18 Ready to trade PDR
2024-10-15 11:25:44 MBB new candle 11:25:37
2024-10-15 11:25:45 PDR new candle 11:25:42
2024-10-15 11:25:45 Ready to trade MBB
2024-10-15 11:25:46 Ready to trade PDR
2024-10-15 11:26:00 MBB new candle 11:25:56
2024-10-15 11:26:02 PDR new candle 11:25:57
2024-10-15 11:26:02 Ready to trade MBB
2024-10-15 11:26:03 Ready to trade PDR
2024-10-15 11:26:16 MBB new candle 11:26:13
2024-10-15 11:26:18 PDR new candle 11:26:16
2024-10-15 11:26:18 Ready to trade MBB
2024-10-15 11:26:18 Ready to trade PDR
2024-10-15 11:26:35 PDR new candle 11:26:29
2024-10-15 11:26:35 Ready to trade PDR
2024-10-15 11:26:47 MBB new candle 11:26:35
2024-10-15 11:26:49 PDR new candle 11:26:42
2024-10-15 11:26:49 Ready to trade MBB
2024-10-15 11:26:49 Ready to trade PDR
2024-10-15 11:27:03 MBB new candle 11:27:01
2024-10-15 11:27:05 PDR new candle 11:26:58
2024-10-15 11:27:05 Ready to trade MBB
2024-10-15 11:27:05 Ready to trade PDR
2024-10-15 11:27:22 PDR new candle 11:27:08
2024-10-15 11:27:22 Ready to trade PDR
2024-10-15 11:27:40 PDR new candle 11:27:36
2024-10-15 11:27:40 Ready to trade PDR
2024-10-15 11:27:54 PDR new candle 11:27:52
2024-10-15 11:27:54 Ready to trade PDR
2024-10-15 11:28:19 MBB new candle 11:28:14
2024-10-15 11:28:21 Ready to trade MBB
2024-10-15 11:28:33 MBB new candle 11:28:23
2024-10-15 11:28:35 PDR new candle 11:28:25
2024-10-15 11:28:35 Ready to trade MBB
2024-10-15 11:28:35 Ready to trade PDR
2024-10-15 11:28:49 PDR new candle 11:28:47
2024-10-15 11:28:49 Ready to trade PDR
2024-10-15 11:29:03 PDR new candle 11:29:00
2024-10-15 11:29:03 Ready to trade PDR
2024-10-15 11:29:15 MBB new candle 11:29:11
2024-10-15 11:29:16 PDR new candle 11:29:05
2024-10-15 11:29:16 Ready to trade MBB
2024-10-15 11:29:17 Ready to trade PDR
2024-10-15 11:29:31 PDR new candle 11:29:24
2024-10-15 11:29:31 Ready to trade PDR
2024-10-15 11:29:43 MBB new candle 11:29:40
2024-10-15 11:29:44 PDR new candle 11:29:36
2024-10-15 11:29:44 Ready to trade MBB
2024-10-15 11:29:45 Ready to trade PDR
2024-10-15 11:29:59 MBB new candle 11:29:45
2024-10-15 11:30:00 PDR new candle 11:29:59
2024-10-15 11:30:00 Ready to trade MBB
2024-10-15 11:30:01 Ready to trade PDR
